# JRE version: OpenJDK Runtime Environment Temurin-17.0.7+7 (17.0.7+7) (build 17.0.7+7)
# Java VM: OpenJDK 64-Bit Server VM Temurin-17.0.7+7 (17.0.7+7, mixed mode, tiered, compressed oops, compressed class ptrs, parallel gc, windows-amd64)
GC Precious Log:
 CPUs: 4 total, 4 available
 Memory: 8091M
 Large Page Support: Disabled
 NUMA Support: Disabled
 Compressed Oops: Enabled (32-bit)
 Alignments: Space 512K, Generation 512K, Heap 2M
 Heap Min Capacity: 100M
 Heap Initial Capacity: 100M
 Heap Max Capacity: 1G
 Pre-touch: Disabled
 Parallel Workers: 4
Heap:
 PSYoungGen      total 2560K, used 2028K [0x00000000eab00000, 0x00000000ebd00000, 0x0000000100000000)
  eden space 512K, 0% used [0x00000000eab00000,0x00000000eab00000,0x00000000eab80000)
  from space 2048K, 99% used [0x00000000eb200000,0x00000000eb3fb1e0,0x00000000eb400000)
  to   space 6656K, 0% used [0x00000000eab80000,0x00000000eab80000,0x00000000eb200000)
 ParOldGen       total 203264K, used 203204K [0x00000000c0000000, 0x00000000cc680000, 0x00000000eab00000)
  object space 203264K, 99% used [0x00000000c0000000,0x00000000cc6712b0,0x00000000cc680000)
 Metaspace       used 96916K, committed 98240K, reserved 1179648K
  class space    used 9777K, committed 10368K, reserved 1048576K
GC Heap History (20 events):
Event: 1814.550 GC heap after
{Heap after GC invocations=3873 (full 91):
 PSYoungGen      total 6144K, used 800K [0x00000000eab00000, 0x00000000eb300000, 0x0000000100000000)
  eden space 5120K, 0% used [0x00000000eab00000,0x00000000eab00000,0x00000000eb000000)
  from space 1024K, 78% used [0x00000000eb180000,0x00000000eb248000,0x00000000eb280000)
  to   space 512K, 0% used [0x00000000eb280000,0x00000000eb280000,0x00000000eb300000)
 ParOldGen       total 201216K, used 194959K [0x00000000c0000000, 0x00000000cc480000, 0x00000000eab00000)
  object space 201216K, 96% used [0x00000000c0000000,0x00000000cbe63ee8,0x00000000cc480000)
 Metaspace       used 96904K, committed 98240K, reserved 1179648K
  class space    used 9777K, committed 10368K, reserved 1048576K
}
Event: 1815.487 GC heap before
{Heap before GC invocations=3874 (full 91):
 PSYoungGen      total 6144K, used 5920K [0x00000000eab00000, 0x00000000eb300000, 0x0000000100000000)
  eden space 5120K, 100% used [0x00000000eab00000,0x00000000eb000000,0x00000000eb000000)
  from space 1024K, 78% used [0x00000000eb180000,0x00000000eb248000,0x00000000eb280000)
  to   space 512K, 0% used [0x00000000eb280000,0x00000000eb280000,0x00000000eb300000)
 ParOldGen       total 201216K, used 194959K [0x00000000c0000000, 0x00000000cc480000, 0x00000000eab00000)
  object space 201216K, 96% used [0x00000000c0000000,0x00000000cbe63ee8,0x00000000cc480000)
 Metaspace       used 96906K, committed 98240K, reserved 1179648K
  class space    used 9777K, committed 10368K, reserved 1048576K
}
Event: 1815.490 GC heap after
{Heap after GC invocations=3874 (full 91):
 PSYoungGen      total 5632K, used 256K [0x00000000eab00000, 0x00000000eb300000, 0x0000000100000000)
  eden space 5120K, 0% used [0x00000000eab00000,0x00000000eab00000,0x00000000eb000000)
  from space 512K, 50% used [0x00000000eb280000,0x00000000eb2c0000,0x00000000eb300000)
  to   space 512K, 0% used [0x00000000eb200000,0x00000000eb200000,0x00000000eb280000)
 ParOldGen       total 201216K, used 195661K [0x00000000c0000000, 0x00000000cc480000, 0x00000000eab00000)
  object space 201216K, 97% used [0x00000000c0000000,0x00000000cbf134b8,0x00000000cc480000)
 Metaspace       used 96906K, committed 98240K, reserved 1179648K
  class space    used 9777K, committed 10368K, reserved 1048576K
}
Event: 5502.716 GC heap before
{Heap before GC invocations=3875 (full 91):
 PSYoungGen      total 5632K, used 5376K [0x00000000eab00000, 0x00000000eb300000, 0x0000000100000000)
  eden space 5120K, 100% used [0x00000000eab00000,0x00000000eb000000,0x00000000eb000000)
  from space 512K, 50% used [0x00000000eb280000,0x00000000eb2c0000,0x00000000eb300000)
  to   space 512K, 0% used [0x00000000eb200000,0x00000000eb200000,0x00000000eb280000)
 ParOldGen       total 201216K, used 195661K [0x00000000c0000000, 0x00000000cc480000, 0x00000000eab00000)
  object space 201216K, 97% used [0x00000000c0000000,0x00000000cbf134b8,0x00000000cc480000)
 Metaspace       used 96906K, committed 98240K, reserved 1179648K
  class space    used 9777K, committed 10368K, reserved 1048576K
}
Event: 5502.720 GC heap after
{Heap after GC invocations=3875 (full 91):
 PSYoungGen      total 5632K, used 512K [0x00000000eab00000, 0x00000000eb300000, 0x0000000100000000)
  eden space 5120K, 0% used [0x00000000eab00000,0x00000000eab00000,0x00000000eb000000)
  from space 512K, 100% used [0x00000000eb200000,0x00000000eb280000,0x00000000eb280000)
  to   space 512K, 0% used [0x00000000eb280000,0x00000000eb280000,0x00000000eb300000)
 ParOldGen       total 201216K, used 196205K [0x00000000c0000000, 0x00000000cc480000, 0x00000000eab00000)
  object space 201216K, 97% used [0x00000000c0000000,0x00000000cbf9b758,0x00000000cc480000)
 Metaspace       used 96906K, committed 98240K, reserved 1179648K
  class space    used 9777K, committed 10368K, reserved 1048576K
}
Event: 5502.923 GC heap before
{Heap before GC invocations=3876 (full 91):
 PSYoungGen      total 5632K, used 5574K [0x00000000eab00000, 0x00000000eb300000, 0x0000000100000000)
  eden space 5120K, 98% used [0x00000000eab00000,0x00000000eaff18e0,0x00000000eb000000)
  from space 512K, 100% used [0x00000000eb200000,0x00000000eb280000,0x00000000eb280000)
  to   space 512K, 0% used [0x00000000eb280000,0x00000000eb280000,0x00000000eb300000)
 ParOldGen       total 201216K, used 196205K [0x00000000c0000000, 0x00000000cc480000, 0x00000000eab00000)
  object space 201216K, 97% used [0x00000000c0000000,0x00000000cbf9b758,0x00000000cc480000)
 Metaspace       used 96906K, committed 98240K, reserved 1179648K
  class space    used 9777K, committed 10368K, reserved 1048576K
}
Event: 5502.925 GC heap after
{Heap after GC invocations=3876 (full 91):
 PSYoungGen      total 5632K, used 496K [0x00000000eab00000, 0x00000000eb300000, 0x0000000100000000)
  eden space 5120K, 0% used [0x00000000eab00000,0x00000000eab00000,0x00000000eb000000)
  from space 512K, 96% used [0x00000000eb280000,0x00000000eb2fc010,0x00000000eb300000)
  to   space 1536K, 0% used [0x00000000eb000000,0x00000000eb000000,0x00000000eb180000)
 ParOldGen       total 201216K, used 197133K [0x00000000c0000000, 0x00000000cc480000, 0x00000000eab00000)
  object space 201216K, 97% used [0x00000000c0000000,0x00000000cc083648,0x00000000cc480000)
 Metaspace       used 96906K, committed 98240K, reserved 1179648K
  class space    used 9777K, committed 10368K, reserved 1048576K
}
Event: 5507.340 GC heap before
{Heap before GC invocations=3877 (full 91):
 PSYoungGen      total 5632K, used 5616K [0x00000000eab00000, 0x00000000eb300000, 0x0000000100000000)
  eden space 5120K, 99% used [0x00000000eab00000,0x00000000eafffff8,0x00000000eb000000)
  from space 512K, 96% used [0x00000000eb280000,0x00000000eb2fc010,0x00000000eb300000)
  to   space 1536K, 0% used [0x00000000eb000000,0x00000000eb000000,0x00000000eb180000)
 ParOldGen       total 201216K, used 197133K [0x00000000c0000000, 0x00000000cc480000, 0x00000000eab00000)
  object space 201216K, 97% used [0x00000000c0000000,0x00000000cc083648,0x00000000cc480000)
 Metaspace       used 96906K, committed 98240K, reserved 1179648K
  class space    used 9777K, committed 10368K, reserved 1048576K
}
Event: 5507.342 GC heap after
{Heap after GC invocations=3877 (full 91):
 PSYoungGen      total 6656K, used 204K [0x00000000eab00000, 0x00000000eb300000, 0x0000000100000000)
  eden space 5120K, 0% used [0x00000000eab00000,0x00000000eab00000,0x00000000eb000000)
  from space 1536K, 13% used [0x00000000eb000000,0x00000000eb0333a8,0x00000000eb180000)
  to   space 1024K, 0% used [0x00000000eb200000,0x00000000eb200000,0x00000000eb300000)
 ParOldGen       total 201216K, used 197645K [0x00000000c0000000, 0x00000000cc480000, 0x00000000eab00000)
  object space 201216K, 98% used [0x00000000c0000000,0x00000000cc103668,0x00000000cc480000)
 Metaspace       used 96906K, committed 98240K, reserved 1179648K
  class space    used 9777K, committed 10368K, reserved 1048576K
}
Event: 5507.352 GC heap before
{Heap before GC invocations=3878 (full 91):
 PSYoungGen      total 6656K, used 5324K [0x00000000eab00000, 0x00000000eb300000, 0x0000000100000000)
  eden space 5120K, 99% used [0x00000000eab00000,0x00000000eafffff0,0x00000000eb000000)
  from space 1536K, 13% used [0x00000000eb000000,0x00000000eb0333a8,0x00000000eb180000)
  to   space 1024K, 0% used [0x00000000eb200000,0x00000000eb200000,0x00000000eb300000)
 ParOldGen       total 201216K, used 197645K [0x00000000c0000000, 0x00000000cc480000, 0x00000000eab00000)
  object space 201216K, 98% used [0x00000000c0000000,0x00000000cc103668,0x00000000cc480000)
 Metaspace       used 96906K, committed 98240K, reserved 1179648K
  class space    used 9777K, committed 10368K, reserved 1048576K
}
Event: 5507.354 GC heap after
{Heap after GC invocations=3878 (full 91):
 PSYoungGen      total 6144K, used 960K [0x00000000eab00000, 0x00000000eb300000, 0x0000000100000000)
  eden space 5120K, 0% used [0x00000000eab00000,0x00000000eab00000,0x00000000eb000000)
  from space 1024K, 93% used [0x00000000eb200000,0x00000000eb2f0000,0x00000000eb300000)
  to   space 1536K, 0% used [0x00000000eb000000,0x00000000eb000000,0x00000000eb180000)
 ParOldGen       total 201216K, used 197816K [0x00000000c0000000, 0x00000000cc480000, 0x00000000eab00000)
  object space 201216K, 98% used [0x00000000c0000000,0x00000000cc12e080,0x00000000cc480000)
 Metaspace       used 96906K, committed 98240K, reserved 1179648K
  class space    used 9777K, committed 10368K, reserved 1048576K
}
Event: 5507.381 GC heap before
{Heap before GC invocations=3879 (full 91):
 PSYoungGen      total 6144K, used 6080K [0x00000000eab00000, 0x00000000eb300000, 0x0000000100000000)
  eden space 5120K, 100% used [0x00000000eab00000,0x00000000eb000000,0x00000000eb000000)
  from space 1024K, 93% used [0x00000000eb200000,0x00000000eb2f0000,0x00000000eb300000)
  to   space 1536K, 0% used [0x00000000eb000000,0x00000000eb000000,0x00000000eb180000)
 ParOldGen       total 201216K, used 197816K [0x00000000c0000000, 0x00000000cc480000, 0x00000000eab00000)
  object space 201216K, 98% used [0x00000000c0000000,0x00000000cc12e080,0x00000000cc480000)
 Metaspace       used 96909K, committed 98240K, reserved 1179648K
  class space    used 9777K, committed 10368K, reserved 1048576K
}
Event: 5507.383 GC heap after
{Heap after GC invocations=3879 (full 91):
 PSYoungGen      total 6656K, used 736K [0x00000000eab00000, 0x00000000eb280000, 0x0000000100000000)
  eden space 5120K, 0% used [0x00000000eab00000,0x00000000eab00000,0x00000000eb000000)
  from space 1536K, 47% used [0x00000000eb000000,0x00000000eb0b8000,0x00000000eb180000)
  to   space 1024K, 0% used [0x00000000eb180000,0x00000000eb180000,0x00000000eb280000)
 ParOldGen       total 201216K, used 198709K [0x00000000c0000000, 0x00000000cc480000, 0x00000000eab00000)
  object space 201216K, 98% used [0x00000000c0000000,0x00000000cc20d690,0x00000000cc480000)
 Metaspace       used 96909K, committed 98240K, reserved 1179648K
  class space    used 9777K, committed 10368K, reserved 1048576K
}
Event: 5507.540 GC heap before
{Heap before GC invocations=3880 (full 91):
 PSYoungGen      total 6656K, used 5856K [0x00000000eab00000, 0x00000000eb280000, 0x0000000100000000)
  eden space 5120K, 100% used [0x00000000eab00000,0x00000000eb000000,0x00000000eb000000)
  from space 1536K, 47% used [0x00000000eb000000,0x00000000eb0b8000,0x00000000eb180000)
  to   space 1024K, 0% used [0x00000000eb180000,0x00000000eb180000,0x00000000eb280000)
 ParOldGen       total 201216K, used 198709K [0x00000000c0000000, 0x00000000cc480000, 0x00000000eab00000)
  object space 201216K, 98% used [0x00000000c0000000,0x00000000cc20d690,0x00000000cc480000)
 Metaspace       used 96912K, committed 98240K, reserved 1179648K
  class space    used 9777K, committed 10368K, reserved 1048576K
}
Event: 5507.542 GC heap after
{Heap after GC invocations=3880 (full 91):
 PSYoungGen      total 5632K, used 432K [0x00000000eab00000, 0x00000000eb200000, 0x0000000100000000)
  eden space 5120K, 0% used [0x00000000eab00000,0x00000000eab00000,0x00000000eb000000)
  from space 512K, 84% used [0x00000000eb180000,0x00000000eb1ec010,0x00000000eb200000)
  to   space 1024K, 0% used [0x00000000eb000000,0x00000000eb000000,0x00000000eb100000)
 ParOldGen       total 201216K, used 199275K [0x00000000c0000000, 0x00000000cc480000, 0x00000000eab00000)
  object space 201216K, 99% used [0x00000000c0000000,0x00000000cc29ae10,0x00000000cc480000)
 Metaspace       used 96912K, committed 98240K, reserved 1179648K
  class space    used 9777K, committed 10368K, reserved 1048576K
}
Event: 5507.593 GC heap before
{Heap before GC invocations=3881 (full 91):
 PSYoungGen      total 5632K, used 5451K [0x00000000eab00000, 0x00000000eb200000, 0x0000000100000000)
  eden space 5120K, 98% used [0x00000000eab00000,0x00000000eafe6e60,0x00000000eb000000)
  from space 512K, 84% used [0x00000000eb180000,0x00000000eb1ec010,0x00000000eb200000)
  to   space 1024K, 0% used [0x00000000eb000000,0x00000000eb000000,0x00000000eb100000)
 ParOldGen       total 201216K, used 199275K [0x00000000c0000000, 0x00000000cc480000, 0x00000000eab00000)
  object space 201216K, 99% used [0x00000000c0000000,0x00000000cc29ae10,0x00000000cc480000)
 Metaspace       used 96916K, committed 98240K, reserved 1179648K
  class space    used 9777K, committed 10368K, reserved 1048576K
}
Event: 5507.595 GC heap after
{Heap after GC invocations=3881 (full 91):
 PSYoungGen      total 6144K, used 1004K [0x00000000eab00000, 0x00000000eb400000, 0x0000000100000000)
  eden space 5120K, 0% used [0x00000000eab00000,0x00000000eab00000,0x00000000eb000000)
  from space 1024K, 98% used [0x00000000eb000000,0x00000000eb0fb1e0,0x00000000eb100000)
  to   space 2048K, 0% used [0x00000000eb200000,0x00000000eb200000,0x00000000eb400000)
 ParOldGen       total 201216K, used 199756K [0x00000000c0000000, 0x00000000cc480000, 0x00000000eab00000)
  object space 201216K, 99% used [0x00000000c0000000,0x00000000cc3130c0,0x00000000cc480000)
 Metaspace       used 96916K, committed 98240K, reserved 1179648K
  class space    used 9777K, committed 10368K, reserved 1048576K
}
Event: 5507.610 GC heap before
{Heap before GC invocations=3882 (full 91):
 PSYoungGen      total 6144K, used 6124K [0x00000000eab00000, 0x00000000eb400000, 0x0000000100000000)
  eden space 5120K, 100% used [0x00000000eab00000,0x00000000eb000000,0x00000000eb000000)
  from space 1024K, 98% used [0x00000000eb000000,0x00000000eb0fb1e0,0x00000000eb100000)
  to   space 2048K, 0% used [0x00000000eb200000,0x00000000eb200000,0x00000000eb400000)
 ParOldGen       total 201216K, used 199756K [0x00000000c0000000, 0x00000000cc480000, 0x00000000eab00000)
  object space 201216K, 99% used [0x00000000c0000000,0x00000000cc3130c0,0x00000000cc480000)
 Metaspace       used 96916K, committed 98240K, reserved 1179648K
  class space    used 9777K, committed 10368K, reserved 1048576K
}
Event: 5507.616 GC heap after
{Heap after GC invocations=3882 (full 91):
 PSYoungGen      total 2560K, used 2028K [0x00000000eab00000, 0x00000000ebd00000, 0x0000000100000000)
  eden space 512K, 0% used [0x00000000eab00000,0x00000000eab00000,0x00000000eab80000)
  from space 2048K, 99% used [0x00000000eb200000,0x00000000eb3fb1e0,0x00000000eb400000)
  to   space 6656K, 0% used [0x00000000eab80000,0x00000000eab80000,0x00000000eb200000)
 ParOldGen       total 203264K, used 203204K [0x00000000c0000000, 0x00000000cc680000, 0x00000000eab00000)
  object space 203264K, 99% used [0x00000000c0000000,0x00000000cc6712b0,0x00000000cc680000)
 Metaspace       used 96916K, committed 98240K, reserved 1179648K
  class space    used 9777K, committed 10368K, reserved 1048576K
}
Event: 5507.616 GC heap before
{Heap before GC invocations=3883 (full 92):
 PSYoungGen      total 2560K, used 2028K [0x00000000eab00000, 0x00000000ebd00000, 0x0000000100000000)
  eden space 512K, 0% used [0x00000000eab00000,0x00000000eab00000,0x00000000eab80000)
  from space 2048K, 99% used [0x00000000eb200000,0x00000000eb3fb1e0,0x00000000eb400000)
  to   space 6656K, 0% used [0x00000000eab80000,0x00000000eab80000,0x00000000eb200000)
 ParOldGen       total 203264K, used 203204K [0x00000000c0000000, 0x00000000cc680000, 0x00000000eab00000)
  object space 203264K, 99% used [0x00000000c0000000,0x00000000cc6712b0,0x00000000cc680000)
 Metaspace       used 96916K, committed 98240K, reserved 1179648K
  class space    used 9777K, committed 10368K, reserved 1048576K
}

